Determining if the pthread_create exist failed with the following output:
Change Dir: /home/INTRANET/aitoumel/myfiles/NeuronProject/Week1/doxygen-master/build/CMakeFiles/CMakeTmp

Run Build Command:"/usr/bin/make" "cmTryCompileExec2104223148/fast"
/usr/bin/make -f CMakeFiles/cmTryCompileExec2104223148.dir/build.make CMakeFiles/cmTryCompileExec2104223148.dir/build
make[1]: Entering directory `/home/INTRANET/aitoumel/myfiles/NeuronProject/Week1/doxygen-master/build/CMakeFiles/CMakeTmp'
/usr/local/bin/cmake -E cmake_progress_report /home/INTRANET/aitoumel/myfiles/NeuronProject/Week1/doxygen-master/build/CMakeFiles/CMakeTmp/CMakeFiles 1
Building C object CMakeFiles/cmTryCompileExec2104223148.dir/CheckSymbolExists.c.o
/usr/bin/cc    -o CMakeFiles/cmTryCompileExec2104223148.dir/CheckSymbolExists.c.o   -c /home/INTRANET/aitoumel/myfiles/NeuronProject/Week1/doxygen-master/build/CMakeFiles/CMakeTmp/CheckSymbolExists.c
Linking C executable cmTryCompileExec2104223148
/usr/local/bin/cmake -E cmake_link_script CMakeFiles/cmTryCompileExec2104223148.dir/link.txt --verbose=1
/usr/bin/cc       CMakeFiles/cmTryCompileExec2104223148.dir/CheckSymbolExists.c.o  -o cmTryCompileExec2104223148 -rdynamic 
CMakeFiles/cmTryCompileExec2104223148.dir/CheckSymbolExists.c.o: In function `main':
CheckSymbolExists.c:(.text+0x16): undefined reference to `pthread_create'
collect2: error: ld returned 1 exit status
make[1]: *** [cmTryCompileExec2104223148] Error 1
make[1]: Leaving directory `/home/INTRANET/aitoumel/myfiles/NeuronProject/Week1/doxygen-master/build/CMakeFiles/CMakeTmp'
make: *** [cmTryCompileExec2104223148/fast] Error 2

File /home/INTRANET/aitoumel/myfiles/NeuronProject/Week1/doxygen-master/build/CMakeFiles/CMakeTmp/CheckSymbolExists.c:
/* */
#include <pthread.h>

int main(int argc, char** argv)
{
  (void)argv;
#ifndef pthread_create
  return ((int*)(&pthread_create))[argc];
#else
  (void)argc;
  return 0;
#endif
}

Determining if the function pthread_create exists in the pthreads failed with the following output:
Change Dir: /home/INTRANET/aitoumel/myfiles/NeuronProject/Week1/doxygen-master/build/CMakeFiles/CMakeTmp

Run Build Command:"/usr/bin/make" "cmTryCompileExec1306556424/fast"
/usr/bin/make -f CMakeFiles/cmTryCompileExec1306556424.dir/build.make CMakeFiles/cmTryCompileExec1306556424.dir/build
make[1]: Entering directory `/home/INTRANET/aitoumel/myfiles/NeuronProject/Week1/doxygen-master/build/CMakeFiles/CMakeTmp'
/usr/local/bin/cmake -E cmake_progress_report /home/INTRANET/aitoumel/myfiles/NeuronProject/Week1/doxygen-master/build/CMakeFiles/CMakeTmp/CMakeFiles 1
Building C object CMakeFiles/cmTryCompileExec1306556424.dir/CheckFunctionExists.c.o
/usr/bin/cc   -DCHECK_FUNCTION_EXISTS=pthread_create   -o CMakeFiles/cmTryCompileExec1306556424.dir/CheckFunctionExists.c.o   -c /usr/local/share/cmake-3.2/Modules/CheckFunctionExists.c
Linking C executable cmTryCompileExec1306556424
/usr/local/bin/cmake -E cmake_link_script CMakeFiles/cmTryCompileExec1306556424.dir/link.txt --verbose=1
/usr/bin/cc   -DCHECK_FUNCTION_EXISTS=pthread_create    CMakeFiles/cmTryCompileExec1306556424.dir/CheckFunctionExists.c.o  -o cmTryCompileExec1306556424 -rdynamic -lpthreads 
/usr/bin/ld: cannot find -lpthreads
collect2: error: ld returned 1 exit status
make[1]: Leaving directory `/home/INTRANET/aitoumel/myfiles/NeuronProject/Week1/doxygen-master/build/CMakeFiles/CMakeTmp'
make[1]: *** [cmTryCompileExec1306556424] Error 1
make: *** [cmTryCompileExec1306556424/fast] Error 2


Performing C++ SOURCE FILE Test ICONV_ACCEPTS_CONST_INPUT failed with the following output:
Change Dir: /home/INTRANET/aitoumel/myfiles/NeuronProject/Week1/doxygen-master/build/CMakeFiles/CMakeTmp

Run Build Command:"/usr/bin/make" "cmTryCompileExec318437910/fast"
/usr/bin/make -f CMakeFiles/cmTryCompileExec318437910.dir/build.make CMakeFiles/cmTryCompileExec318437910.dir/build
make[1]: Entering directory `/home/INTRANET/aitoumel/myfiles/NeuronProject/Week1/doxygen-master/build/CMakeFiles/CMakeTmp'
/usr/local/bin/cmake -E cmake_progress_report /home/INTRANET/aitoumel/myfiles/NeuronProject/Week1/doxygen-master/build/CMakeFiles/CMakeTmp/CMakeFiles 1
Building CXX object CMakeFiles/cmTryCompileExec318437910.dir/src.cxx.o
/usr/bin/c++    -DICONV_ACCEPTS_CONST_INPUT   -o CMakeFiles/cmTryCompileExec318437910.dir/src.cxx.o -c /home/INTRANET/aitoumel/myfiles/NeuronProject/Week1/doxygen-master/build/CMakeFiles/CMakeTmp/src.cxx
/home/INTRANET/aitoumel/myfiles/NeuronProject/Week1/doxygen-master/build/CMakeFiles/CMakeTmp/src.cxx: In function ‘int main()’:
/home/INTRANET/aitoumel/myfiles/NeuronProject/Week1/doxygen-master/build/CMakeFiles/CMakeTmp/src.cxx:4:32: error: invalid conversion from ‘const char**’ to ‘char**’ [-fpermissive]
             iconv(iconv_t(-1), &p, 0, 0, 0);
                                ^~
In file included from /home/INTRANET/aitoumel/myfiles/NeuronProject/Week1/doxygen-master/build/CMakeFiles/CMakeTmp/src.cxx:1:0:
/usr/include/iconv.h:42:15: note:   initializing argument 2 of ‘size_t iconv(iconv_t, char**, size_t*, char**, size_t*)’
 extern size_t iconv (iconv_t __cd, char **__restrict __inbuf,
               ^~~~~
make[1]: Leaving directory `/home/INTRANET/aitoumel/myfiles/NeuronProject/Week1/doxygen-master/build/CMakeFiles/CMakeTmp'
make[1]: *** [CMakeFiles/cmTryCompileExec318437910.dir/src.cxx.o] Error 1
make: *** [cmTryCompileExec318437910/fast] Error 2

Source file was:
#include <iconv.h>
         int main() {
            char const *p = 0;
            iconv(iconv_t(-1), &p, 0, 0, 0);
         }
